\BOOKMARK [0][-]{chapter*.1}{\376\377\000C\000o\000n\000t\000e\000n\000t\000s}{}% 1
\BOOKMARK [0][-]{chapter*.2}{\376\377\000D\000e\000c\000l\000a\000r\000a\000t\000i\000o\000n}{}% 2
\BOOKMARK [0][-]{chapter*.3}{\376\377\000A\000c\000k\000n\000o\000w\000l\000e\000d\000g\000e\000m\000e\000n\000t\000s}{}% 3
\BOOKMARK [0][-]{chapter*.4}{\376\377\000A\000c\000r\000o\000n\000y\000m\000s}{}% 4
\BOOKMARK [0][-]{chapter*.6}{\376\377\000L\000i\000s\000t\000\040\000o\000f\000\040\000F\000i\000g\000u\000r\000e\000s}{}% 5
\BOOKMARK [0][-]{chapter*.7}{\376\377\000L\000i\000s\000t\000\040\000o\000f\000\040\000T\000a\000b\000l\000e\000s}{}% 6
\BOOKMARK [0][-]{chapter.1}{\376\377\000I\000n\000t\000r\000o\000d\000u\000c\000t\000i\000o\000n}{}% 7
\BOOKMARK [1][-]{section.1.1}{\376\377\000E\000x\000p\000l\000a\000n\000a\000t\000i\000o\000n\000\040\000o\000f\000\040\000G\000e\000n\000e\000r\000a\000t\000i\000v\000e\000\040\000A\000d\000v\000e\000r\000s\000a\000r\000i\000a\000l\000\040\000N\000e\000t\000w\000o\000r\000k\000s\000\040\000\050\000G\000A\000N\000s\000\051}{chapter.1}% 8
\BOOKMARK [1][-]{section.1.2}{\376\377\000E\000x\000p\000l\000a\000n\000a\000t\000i\000o\000n\000\040\000o\000f\000\040\000A\000r\000t\000i\000f\000i\000c\000i\000a\000l\000\040\000N\000e\000u\000r\000a\000l\000\040\000N\000e\000t\000w\000o\000r\000k\000s\000\040\000\050\000A\000N\000N\000s\000\051}{chapter.1}% 9
\BOOKMARK [1][-]{section.1.3}{\376\377\000W\000h\000a\000t\000\040\000i\000s\000\040\000A\000\040\000C\000o\000n\000v\000o\000l\000u\000t\000i\000o\000n\000a\000l\000\040\000N\000e\000u\000r\000a\000l\000\040\000N\000e\000t\000w\000o\000r\000k\000?\000\040\000\050\000C\000N\000N\000\051}{chapter.1}% 10
\BOOKMARK [1][-]{section.1.4}{\376\377\000S\000u\000p\000e\000r\000v\000i\000s\000e\000d\000\040\000L\000e\000a\000r\000n\000i\000n\000g}{chapter.1}% 11
\BOOKMARK [1][-]{section.1.5}{\376\377\000U\000n\000s\000u\000p\000e\000r\000v\000i\000s\000e\000d\000\040\000L\000e\000a\000r\000n\000i\000n\000g}{chapter.1}% 12
\BOOKMARK [1][-]{section.1.6}{\376\377\000T\000e\000n\000s\000o\000r\000f\000l\000o\000w}{chapter.1}% 13
\BOOKMARK [1][-]{section.1.7}{\376\377\000K\000e\000r\000a\000s}{chapter.1}% 14
\BOOKMARK [1][-]{section.1.8}{\376\377\000B\000a\000c\000k\000g\000r\000o\000u\000n\000d\000\040\000o\000f\000\040\000P\000r\000o\000b\000l\000e\000m\000\040\000\046\000\040\000A\000i\000m\000s\000\040\000o\000f\000\040\000T\000h\000i\000s\000\040\000P\000a\000p\000e\000r}{chapter.1}% 15
\BOOKMARK [1][-]{section.1.9}{\376\377\000D\000a\000t\000a\000s\000e\000t\000s}{chapter.1}% 16
\BOOKMARK [2][-]{subsection.1.9.1}{\376\377\000C\000O\000V\000I\000D\000-\0001\0009\000\040\000C\000h\000e\000s\000t\000\040\000X\000-\000r\000a\000y}{section.1.9}% 17
\BOOKMARK [2][-]{subsection.1.9.2}{\376\377\000C\000O\000V\000I\000D\000-\0001\0009\000\040\000R\000a\000d\000i\000o\000g\000r\000a\000p\000h\000y\000\040\000D\000a\000t\000a\000b\000a\000s\000e}{section.1.9}% 18
\BOOKMARK [2][-]{subsection.1.9.3}{\376\377\000C\000O\000V\000I\000D\000-\0001\0009\000\040\000P\000n\000e\000u\000m\000o\000n\000i\000a\000\040\000N\000o\000r\000m\000a\000l\000\040\000C\000h\000e\000s\000t\000\040\000X\000-\000r\000a\000y\000\040\000P\000A\000\040\000D\000a\000t\000a\000s\000e\000t}{section.1.9}% 19
\BOOKMARK [2][-]{subsection.1.9.4}{\376\377\000E\000x\000t\000e\000n\000s\000i\000v\000e\000\040\000C\000O\000V\000I\000D\000-\0001\0009\000\040\000X\000-\000r\000a\000y\000\040\000a\000n\000d\000\040\000C\000T\000\040\000C\000h\000e\000s\000t\000\040\000I\000m\000a\000g\000e\000s\000\040\000D\000a\000t\000a\000s\000e\000t}{section.1.9}% 20
\BOOKMARK [2][-]{subsection.1.9.5}{\376\377\000U\000s\000e\000\040\000o\000f\000\040\000d\000a\000t\000a\000s\000e\000t\000s\000\040\000i\000n\000\040\000T\000h\000i\000s\000\040\000P\000r\000o\000j\000e\000c\000t}{section.1.9}% 21
\BOOKMARK [1][-]{section.1.10}{\376\377\000S\000t\000r\000u\000c\000t\000u\000r\000e\000\040\000o\000f\000\040\000T\000h\000i\000s\000\040\000T\000h\000e\000s\000i\000s}{chapter.1}% 22
\BOOKMARK [2][-]{subsection.1.10.1}{\376\377\000C\000h\000a\000p\000t\000e\000r\000\040\0001\000\040\000-\000\040\000I\000n\000t\000r\000o\000d\000u\000c\000t\000i\000o\000n}{section.1.10}% 23
\BOOKMARK [2][-]{subsection.1.10.2}{\376\377\000C\000h\000a\000p\000t\000e\000r\000\040\0002\000\040\000-\000\040\000L\000i\000t\000e\000r\000a\000t\000u\000r\000e\000\040\000R\000e\000v\000i\000e\000w}{section.1.10}% 24
\BOOKMARK [2][-]{subsection.1.10.3}{\376\377\000C\000h\000a\000p\000t\000e\000r\000\040\0003\000\040\000-\000\040\000I\000m\000p\000l\000e\000m\000e\000n\000t\000a\000t\000i\000o\000n}{section.1.10}% 25
\BOOKMARK [2][-]{subsection.1.10.4}{\376\377\000C\000h\000a\000p\000t\000e\000r\000\040\0004\000\040\000-\000\040\000R\000e\000s\000u\000l\000t\000s}{section.1.10}% 26
\BOOKMARK [2][-]{subsection.1.10.5}{\376\377\000C\000h\000a\000p\000t\000e\000r\000\040\0005\000\040\000-\000\040\000F\000u\000r\000t\000h\000e\000r\000\040\000R\000e\000s\000e\000a\000r\000c\000h\000\040\000a\000n\000d\000\040\000C\000o\000n\000c\000l\000u\000s\000i\000o\000n\000s}{section.1.10}% 27
\BOOKMARK [0][-]{chapter.2}{\376\377\000L\000i\000t\000e\000r\000a\000t\000u\000r\000e\000\040\000R\000e\000v\000i\000e\000w}{}% 28
\BOOKMARK [1][-]{section.2.1}{\376\377\000I\000n\000t\000r\000o\000d\000u\000c\000t\000i\000o\000n}{chapter.2}% 29
\BOOKMARK [1][-]{section.2.2}{\376\377\000A\000n\000a\000l\000y\000s\000i\000s\000\040\000o\000f\000\040\000E\000x\000i\000s\000t\000i\000n\000g\000\040\000M\000o\000d\000e\000l\000s\000\040\000f\000o\000r\000\040\000A\000u\000t\000o\000m\000a\000t\000e\000d\000\040\000C\000O\000V\000I\000D\000-\0001\0009\000\040\000D\000e\000t\000e\000c\000t\000i\000o\000n}{chapter.2}% 30
\BOOKMARK [1][-]{section.2.3}{\376\377\000C\000h\000a\000l\000l\000e\000n\000g\000e\000s\000\040\000\046\000\040\000L\000i\000m\000i\000t\000a\000t\000i\000o\000n\000s\000\040\000o\000f\000\040\000U\000s\000i\000n\000g\000\040\000A\000r\000t\000i\000f\000i\000c\000i\000a\000l\000\040\000I\000n\000t\000e\000l\000l\000i\000g\000e\000n\000c\000e\000\040\000i\000n\000\040\000A\000u\000t\000o\000m\000a\000t\000e\000d\000\040\000D\000i\000a\000g\000n\000o\000s\000i\000s\000\040\000S\000y\000s\000t\000e\000m\000s\000\040\000f\000o\000r\000\040\000C\000O\000V\000I\000D\000-\0001\0009}{chapter.2}% 31
\BOOKMARK [1][-]{section.2.4}{\376\377\000R\000e\000s\000e\000a\000r\000c\000h\000\040\000i\000n\000t\000o\000\040\000D\000a\000t\000a\000\040\000A\000u\000g\000m\000e\000n\000t\000a\000t\000i\000o\000n\000\040\000A\000n\000d\000\040\000C\000o\000n\000v\000o\000l\000u\000t\000i\000o\000n\000a\000l\000\040\000N\000e\000u\000r\000a\000l\000\040\000N\000e\000t\000w\000o\000r\000k\000s\000\040\000A\000r\000c\000h\000i\000t\000e\000c\000t\000u\000r\000e\000s}{chapter.2}% 32
\BOOKMARK [1][-]{section.2.5}{\376\377\000C\000o\000n\000c\000l\000u\000s\000i\000o\000n}{chapter.2}% 33
\BOOKMARK [0][-]{chapter.3}{\376\377\000D\000e\000s\000i\000g\000n\000\040\000a\000n\000d\000\040\000I\000m\000p\000l\000e\000m\000e\000n\000t\000a\000t\000i\000o\000n}{}% 34
\BOOKMARK [1][-]{section.3.1}{\376\377\000I\000n\000t\000r\000o\000d\000u\000c\000t\000i\000o\000n}{chapter.3}% 35
\BOOKMARK [1][-]{section.3.2}{\376\377\000C\000N\000N\000\040\000M\000o\000d\000e\000l\000\040\000D\000e\000s\000i\000g\000n\000\040\000a\000n\000d\000\040\000C\000o\000m\000p\000a\000r\000i\000s\000o\000n}{chapter.3}% 36
\BOOKMARK [2][-]{subsection.3.2.1}{\376\377\000B\000a\000s\000e\000l\000i\000n\000e\000\040\000M\000o\000d\000e\000l\000s}{section.3.2}% 37
\BOOKMARK [1][-]{section.3.3}{\376\377\000T\000r\000a\000n\000s\000f\000e\000r\000\040\000L\000e\000a\000r\000n\000i\000n\000g\000\040\000C\000N\000N\000\040\000B\000a\000s\000e\000l\000i\000n\000e\000\040\000M\000o\000d\000e\000l\000s}{chapter.3}% 38
\BOOKMARK [2][-]{subsection.3.3.1}{\376\377\000R\000a\000d\000i\000o\000g\000r\000a\000p\000h\000y\000\040\000D\000a\000t\000a\000s\000e\000t}{section.3.3}% 39
\BOOKMARK [2][-]{subsection.3.3.2}{\376\377\000X\000-\000R\000a\000y\000\040\000C\000O\000V\000I\000D\000-\0001\0009\000\040\000D\000a\000t\000a\000s\000e\000t}{section.3.3}% 40
\BOOKMARK [2][-]{subsection.3.3.3}{\376\377\000E\000v\000a\000l\000u\000a\000t\000i\000o\000n\000\040\000o\000f\000\040\000T\000L\000\040\000m\000o\000d\000e\000l\000s\000\040\000f\000o\000r\000\040\000T\000h\000e\000\040\000x\000-\000r\000a\000y\000\040\000c\000o\000v\000i\000d\000\040\0001\0009\000\040\000d\000a\000t\000a\000s\000e\000t}{section.3.3}% 41
\BOOKMARK [2][-]{subsection.3.3.4}{\376\377\000C\000O\000V\000I\000D\000-\0001\0009\000\040\000C\000h\000e\000s\000t\000\040\000X\000-\000R\000a\000y\000\040\000D\000a\000t\000a\000s\000e\000t}{section.3.3}% 42
\BOOKMARK [2][-]{subsection.3.3.5}{\376\377\000E\000x\000t\000e\000n\000s\000i\000v\000e\000\040\000C\000O\000V\000I\000D\000-\0001\0009\000\040\000D\000a\000t\000a\000s\000e\000t\000\040\000C\000T}{section.3.3}% 43
\BOOKMARK [2][-]{subsection.3.3.6}{\376\377\000E\000x\000t\000e\000n\000s\000i\000v\000e\000\040\000C\000O\000V\000I\000D\000-\0001\0009\000\040\000D\000a\000t\000a\000s\000e\000t\000\040\000X\000-\000r\000a\000y}{section.3.3}% 44
\BOOKMARK [1][-]{section.3.4}{\376\377\000G\000A\000N\000\040\000B\000a\000s\000e\000l\000i\000n\000e\000\040\000D\000e\000s\000i\000g\000n\000\040\000a\000n\000d\000\040\000C\000o\000m\000p\000a\000r\000i\000s\000o\000n}{chapter.3}% 45
\BOOKMARK [1][-]{section.3.5}{\376\377\000G\000A\000N\000s\000\040\000f\000o\000r\000\040\000R\000a\000d\000i\000o\000g\000r\000a\000p\000h\000y\000\040\000D\000a\000t\000a\000s\000e\000t}{chapter.3}% 46
\BOOKMARK [2][-]{subsection.3.5.1}{\376\377\000V\000A\000E\000\050\000V\000a\000r\000i\000a\000t\000i\000o\000n\000a\000l\000\040\000A\000u\000t\000o\000\040\000E\000n\000c\000o\000d\000e\000r\000\051}{section.3.5}% 47
\BOOKMARK [2][-]{subsection.3.5.2}{\376\377\000D\000C\000G\000A\000N\000\050\000D\000e\000e\000p\000\040\000C\000o\000n\000v\000o\000l\000u\000t\000i\000o\000n\000a\000l\000\040\000G\000A\000N\000\040\000N\000e\000t\000w\000o\000r\000k\000\051}{section.3.5}% 48
\BOOKMARK [1][-]{section.3.6}{\376\377\000G\000A\000N\000s\000\040\000f\000o\000r\000\040\000C\000O\000V\000I\000D\000\040\0001\0009\000\040\000X\000-\000r\000a\000y\000\040\000d\000a\000t\000a\000s\000e\000t}{chapter.3}% 49
\BOOKMARK [2][-]{subsection.3.6.1}{\376\377\000V\000A\000E\000s}{section.3.6}% 50
\BOOKMARK [2][-]{subsection.3.6.2}{\376\377\000D\000C\000G\000A\000N\000s}{section.3.6}% 51
\BOOKMARK [1][-]{section.3.7}{\376\377\000G\000A\000N\000s\000\040\000f\000o\000r\000\040\000C\000h\000e\000s\000t\000\040\000X\000-\000r\000a\000y\000\040\000C\000O\000V\000I\000D\000-\0001\0009}{chapter.3}% 52
\BOOKMARK [1][-]{section.3.8}{\376\377\000E\000x\000t\000e\000n\000s\000i\000v\000e\000\040\000C\000O\000V\000I\000D\000-\0001\0009\000\040\000X\000-\000R\000a\000y\000\040\000/\000\040\000C\000T}{chapter.3}% 53
\BOOKMARK [2][-]{subsection.3.8.1}{\376\377\000V\000A\000E\000s}{section.3.8}% 54
\BOOKMARK [2][-]{subsection.3.8.2}{\376\377\000D\000C\000G\000A\000N\000s}{section.3.8}% 55
\BOOKMARK [1][-]{section.3.9}{\376\377\000C\000o\000n\000c\000l\000u\000s\000i\000o\000n}{chapter.3}% 56
\BOOKMARK [0][-]{chapter.4}{\376\377\000R\000e\000s\000u\000l\000t\000s}{}% 57
\BOOKMARK [1][-]{section.4.1}{\376\377\000E\000v\000a\000l\000u\000a\000t\000i\000o\000n\000\040\000o\000f\000\040\000P\000e\000r\000f\000o\000r\000m\000a\000n\000c\000e\000\040\000o\000f\000\040\000T\000h\000e\000\040\000A\000u\000g\000m\000e\000n\000t\000e\000d\000\040\000C\000N\000N\000\040\000M\000o\000d\000e\000l\000s}{chapter.4}% 58
\BOOKMARK [2][-]{subsection.4.1.1}{\376\377\000R\000a\000d\000i\000o\000g\000r\000a\000p\000h\000y\000\040\000C\000N\000N\000\040\000M\000o\000d\000e\000l\000s}{section.4.1}% 59
\BOOKMARK [2][-]{subsection.4.1.2}{\376\377\000E\000x\000t\000e\000n\000s\000i\000v\000e\000\040\000C\000N\000N\000\040\000M\000o\000d\000e\000l\000s}{section.4.1}% 60
\BOOKMARK [2][-]{subsection.4.1.3}{\376\377\000X\000-\000r\000a\000y\000\040\000C\000O\000V\000I\000D\000-\0001\0009\000\040\000d\000a\000t\000a\000s\000e\000t\000\040\000C\000N\000N\000\040\000M\000o\000d\000e\000l\000s}{section.4.1}% 61
\BOOKMARK [1][-]{section.4.2}{\376\377\000E\000v\000a\000l\000u\000a\000t\000i\000o\000n\000\040\000o\000f\000\040\000G\000A\000N\000\040\000M\000o\000d\000e\000l\000s}{chapter.4}% 62
\BOOKMARK [2][-]{subsection.4.2.1}{\376\377\000R\000a\000d\000i\000o\000g\000r\000a\000p\000h\000y\000\040\000G\000A\000N\000\040\000M\000o\000d\000e\000l\000s}{section.4.2}% 63
\BOOKMARK [2][-]{subsection.4.2.2}{\376\377\000E\000x\000t\000e\000n\000s\000i\000v\000e\000\040\000X\000-\000R\000a\000y\000\040\000G\000A\000N\000\040\000M\000o\000d\000e\000l\000s}{section.4.2}% 64
\BOOKMARK [2][-]{subsection.4.2.3}{\376\377\000E\000x\000t\000e\000n\000s\000i\000v\000e\000\040\000C\000T\000\040\000G\000A\000N\000\040\000M\000o\000d\000e\000l\000s}{section.4.2}% 65
\BOOKMARK [2][-]{subsection.4.2.4}{\376\377\000X\000-\000r\000a\000y\000\040\000C\000O\000V\000I\000D\000-\0001\0009\000\040\000d\000a\000t\000a\000s\000e\000t\000\040\000G\000A\000N\000\040\000M\000o\000d\000e\000l\000s}{section.4.2}% 66
\BOOKMARK [2][-]{subsection.4.2.5}{\376\377\000S\000u\000m\000m\000a\000r\000y\000\040\000o\000f\000\040\000R\000e\000s\000u\000l\000t\000s}{section.4.2}% 67
\BOOKMARK [1][-]{section.4.3}{\376\377\000C\000o\000n\000c\000l\000u\000s\000i\000o\000n}{chapter.4}% 68
\BOOKMARK [0][-]{chapter.5}{\376\377\000C\000o\000n\000c\000l\000u\000s\000i\000o\000n\000s}{}% 69
\BOOKMARK [1][-]{section.5.1}{\376\377\000L\000i\000m\000i\000t\000a\000t\000i\000o\000n\000s}{chapter.5}% 70
\BOOKMARK [2][-]{subsection.5.1.1}{\376\377\000C\000o\000m\000p\000u\000t\000a\000t\000i\000o\000n\000a\000l\000\040\000R\000e\000s\000o\000u\000r\000c\000e\000s\000\040\000O\000f\000f\000e\000r\000e\000d\000\040\000b\000y\000\040\000G\000o\000o\000g\000l\000e\000\040\000C\000o\000l\000a\000b\000\040\000P\000r\000o}{section.5.1}% 71
\BOOKMARK [2][-]{subsection.5.1.2}{\376\377\000R\000u\000n\000\040\000t\000i\000m\000e\000\040\000L\000i\000m\000i\000t\000s\000\040\000i\000n\000\040\000G\000o\000o\000g\000l\000e\000\040\000C\000o\000l\000a\000b\000\040\000P\000r\000o}{section.5.1}% 72
\BOOKMARK [2][-]{subsection.5.1.3}{\376\377\000L\000a\000c\000k\000\040\000o\000f\000\040\000D\000a\000t\000a}{section.5.1}% 73
\BOOKMARK [2][-]{subsection.5.1.4}{\376\377\000B\000i\000a\000s\000\040\000w\000i\000t\000h\000i\000n\000\040\000O\000r\000i\000g\000i\000n\000a\000l\000\040\000a\000n\000d\000\040\000A\000u\000g\000m\000e\000n\000t\000e\000d\000\040\000D\000a\000t\000a\000s\000e\000t\000s}{section.5.1}% 74
\BOOKMARK [2][-]{subsection.5.1.5}{\376\377\000T\000i\000m\000e}{section.5.1}% 75
\BOOKMARK [2][-]{subsection.5.1.6}{\376\377\000F\000i\000n\000a\000n\000c\000i\000a\000l\000\040\000L\000i\000m\000i\000t\000a\000t\000i\000o\000n\000s}{section.5.1}% 76
\BOOKMARK [1][-]{section.5.2}{\376\377\000F\000u\000t\000u\000r\000e\000\040\000R\000e\000s\000e\000a\000r\000c\000h}{chapter.5}% 77
\BOOKMARK [2][-]{subsection.5.2.1}{\376\377\000S\000u\000g\000g\000e\000s\000t\000i\000o\000n\000s\000\040\000f\000o\000r\000\040\000F\000u\000t\000u\000r\000e\000\040\000R\000e\000s\000e\000a\000r\000c\000h}{section.5.2}% 78
\BOOKMARK [1][-]{section.5.3}{\376\377\000C\000o\000n\000c\000l\000u\000s\000i\000o\000n\000\040\000o\000f\000\040\000W\000o\000r\000k}{chapter.5}% 79
\BOOKMARK [2][-]{subsection.5.3.1}{\376\377\000I\000s\000s\000u\000e\000s\000\040\000F\000a\000c\000e\000d\000\040\000a\000n\000d\000\040\000H\000o\000w\000\040\000T\000h\000e\000y\000\040\000S\000h\000o\000u\000l\000d\000\040\000b\000e\000\040\000M\000i\000t\000i\000g\000a\000t\000e\000d\000\040\000i\000n\000\040\000F\000u\000t\000u\000r\000e\000\040\000R\000e\000s\000e\000a\000r\000c\000h}{section.5.3}% 80
\BOOKMARK [2][-]{subsection.5.3.2}{\376\377\000F\000i\000n\000a\000l\000\040\000W\000o\000r\000d\000s}{section.5.3}% 81
